unpacking 'github:nix-community/nixos-anywhere/4dfb813db065afb0aba1f61658ef77993d382db1' into the Git cache...
+ shift
+ [[ 1 -gt 0 ]]
+ case "$1" in
+ printBuildLogs=y
+ shift
+ [[ 0 -gt 0 ]]
+ [[ '' != '' ]]
+ diskoMode=disko
+ diskoAttr=diskoScript
+ [[ y == n ]]
+ [[ y == y ]]
+ nixOptions+=("-L")
+ [[ y == y ]]
+ nixCopyOptions+=("--substitute-on-destination")
+ [[ n == n ]]
+ [[ -z mhr@10.20.31.41 ]]
+ [[ remote == local ]]
+ [[ -n .#icarus ]]
+ [[ .#icarus =~ ^(.*)#([^#"]*)$ ]]
+ flake=.
+ flakeAttr=icarus
+ [[ -z icarus ]]
+ [[ icarus != nixosConfigurations.* ]]
+ flakeAttr='nixosConfigurations."icarus".config'
+ [[ n == y ]]
+ [[ remote == auto ]]
+ [[ -n . ]]
+ [[ remote == local ]]
+ [[ -n '' ]]
++ ssh -o IdentitiesOnly=yes -i /tmp/nix-shell.ULL1ya/tmp.QUmZsoL61S/nixos-anywhere -o UserKnownHostsFile=/dev/null -o StrictHostKeyChecking=no -G mhr@10.20.31.41
Warning: Identity file /tmp/nix-shell.ULL1ya/tmp.QUmZsoL61S/nixos-anywhere not accessible: No such file or directory.
+ sshSettings=$'host 10.20.31.41\nuser mhr\nhostname 10.20.31.41\nport 22\naddressfamily any\nbatchmode no\ncanonicalizefallbacklocal yes\ncanonicalizehostname false\ncheckhostip no\ncompression no\ncontrolmaster auto\nenablesshkeysign no\nclearallforwardings no\nexitonforwardfailure no\nfingerprinthash SHA256\nforwardx11 no\nforwardx11trusted no\ngatewayports no\nhashknownhosts no\nhostbasedauthentication no\nidentitiesonly yes\nkbdinteractiveauthentication yes\nnohostauthenticationforlocalhost no\npasswordauthentication yes\npermitlocalcommand no\nproxyusefdpass no\npubkeyauthentication true\nrequesttty auto\nsessiontype default\nstdinnull no\nforkafterauthentication no\nstreamlocalbindunlink no\nstricthostkeychecking false\ntcpkeepalive yes\ntunnel false\nverifyhostkeydns false\nvisualhostkey no\nupdatehostkeys false\nenableescapecommandline no\nwarnweakcrypto yes\ncanonicalizemaxdots 1\nconnectionattempts 1\nforwardx11timeout 1200\nnumberofpasswordprompts 3\nserveralivecountmax 3\nserveraliveinterval 0\nrequiredrsasize 1024\nobscurekeystroketiming yes\nciphers aes128-gcm@openssh.com,aes256-gcm@openssh.com,chacha20-poly1305@openssh.com,aes128-ctr,aes192-ctr,aes256-ctr\nhostkeyalgorithms ssh-ed25519-cert-v01@openssh.com,ecdsa-sha2-nistp256-cert-v01@openssh.com,ecdsa-sha2-nistp384-cert-v01@openssh.com,ecdsa-sha2-nistp521-cert-v01@openssh.com,sk-ssh-ed25519-cert-v01@openssh.com,sk-ecdsa-sha2-nistp256-cert-v01@openssh.com,webauthn-sk-ecdsa-sha2-nistp256-cert-v01@openssh.com,rsa-sha2-512-cert-v01@openssh.com,rsa-sha2-256-cert-v01@openssh.com,ssh-ed25519,ecdsa-sha2-nistp256,ecdsa-sha2-nistp384,ecdsa-sha2-nistp521,sk-ssh-ed25519@openssh.com,sk-ecdsa-sha2-nistp256@openssh.com,webauthn-sk-ecdsa-sha2-nistp256@openssh.com,rsa-sha2-512,rsa-sha2-256\nhostbasedacceptedalgorithms ssh-ed25519-cert-v01@openssh.com,ecdsa-sha2-nistp256-cert-v01@openssh.com,ecdsa-sha2-nistp384-cert-v01@openssh.com,ecdsa-sha2-nistp521-cert-v01@openssh.com,sk-ssh-ed25519-cert-v01@openssh.com,sk-ecdsa-sha2-nistp256-cert-v01@openssh.com,webauthn-sk-ecdsa-sha2-nistp256-cert-v01@openssh.com,rsa-sha2-512-cert-v01@openssh.com,rsa-sha2-256-cert-v01@openssh.com,ssh-ed25519,ecdsa-sha2-nistp256,ecdsa-sha2-nistp384,ecdsa-sha2-nistp521,sk-ssh-ed25519@openssh.com,sk-ecdsa-sha2-nistp256@openssh.com,webauthn-sk-ecdsa-sha2-nistp256@openssh.com,rsa-sha2-512,rsa-sha2-256\nkexalgorithms ecdh-sha2-nistp256,mlkem768x25519-sha256,sntrup761x25519-sha512,sntrup761x25519-sha512@openssh.com,curve25519-sha256,curve25519-sha256@libssh.org,ecdh-sha2-nistp384,ecdh-sha2-nistp521,diffie-hellman-group-exchange-sha256,diffie-hellman-group16-sha512,diffie-hellman-group18-sha512,diffie-hellman-group14-sha256\ncasignaturealgorithms ssh-ed25519,ecdsa-sha2-nistp256,ecdsa-sha2-nistp384,ecdsa-sha2-nistp521,sk-ssh-ed25519@openssh.com,sk-ecdsa-sha2-nistp256@openssh.com,webauthn-sk-ecdsa-sha2-nistp256@openssh.com,rsa-sha2-512,rsa-sha2-256\nloglevel INFO\nmacs hmac-sha2-256-etm@openssh.com,hmac-sha2-256,umac-64-etm@openssh.com,umac-128-etm@openssh.com,hmac-sha2-512-etm@openssh.com,hmac-sha1-etm@openssh.com,umac-64@openssh.com,umac-128@openssh.com,hmac-sha2-512,hmac-sha1\nsecuritykeyprovider internal\npubkeyacceptedalgorithms ssh-ed25519-cert-v01@openssh.com,ecdsa-sha2-nistp256-cert-v01@openssh.com,ecdsa-sha2-nistp384-cert-v01@openssh.com,ecdsa-sha2-nistp521-cert-v01@openssh.com,sk-ssh-ed25519-cert-v01@openssh.com,sk-ecdsa-sha2-nistp256-cert-v01@openssh.com,webauthn-sk-ecdsa-sha2-nistp256-cert-v01@openssh.com,rsa-sha2-512-cert-v01@openssh.com,rsa-sha2-256-cert-v01@openssh.com,ssh-ed25519,ecdsa-sha2-nistp256,ecdsa-sha2-nistp384,ecdsa-sha2-nistp521,sk-ssh-ed25519@openssh.com,sk-ecdsa-sha2-nistp256@openssh.com,webauthn-sk-ecdsa-sha2-nistp256@openssh.com,rsa-sha2-512,rsa-sha2-256\nxauthlocation /usr/X11R6/bin/xauth\nidentityfile ~/.ssh/id_rsa\nidentityfile ~/.ssh/id_ecdsa\nidentityfile ~/.ssh/id_ecdsa_sk\nidentityfile ~/.ssh/id_ed25519\nidentityfile ~/.ssh/id_ed25519_sk\ncanonicaldomains none\nglobalknownhostsfile /etc/ssh/ssh_known_hosts /etc/ssh/ssh_known_hosts2\nuserknownhostsfile /dev/null\nrevokedhostkeys none\nsendenv LANG\nsendenv LC_*\nlogverbose none\nchanneltimeout none\npermitremoteopen any\naddkeystoagent false\nforwardagent no\nconnecttimeout none\ntunneldevice any:any\ncanonicalizePermittedcnames none\ncontrolpersist 43200\nescapechar ~\nipqos ef cs0\nrekeylimit 0 0\nstreamlocalbindmask 0177\nsyslogfacility USER'
++ echo $'host 10.20.31.41\nuser mhr\nhostname 10.20.31.41\nport 22\naddressfamily any\nbatchmode no\ncanonicalizefallbacklocal yes\ncanonicalizehostname false\ncheckhostip no\ncompression no\ncontrolmaster auto\nenablesshkeysign no\nclearallforwardings no\nexitonforwardfailure no\nfingerprinthash SHA256\nforwardx11 no\nforwardx11trusted no\ngatewayports no\nhashknownhosts no\nhostbasedauthentication no\nidentitiesonly yes\nkbdinteractiveauthentication yes\nnohostauthenticationforlocalhost no\npasswordauthentication yes\npermitlocalcommand no\nproxyusefdpass no\npubkeyauthentication true\nrequesttty auto\nsessiontype default\nstdinnull no\nforkafterauthentication no\nstreamlocalbindunlink no\nstricthostkeychecking false\ntcpkeepalive yes\ntunnel false\nverifyhostkeydns false\nvisualhostkey no\nupdatehostkeys false\nenableescapecommandline no\nwarnweakcrypto yes\ncanonicalizemaxdots 1\nconnectionattempts 1\nforwardx11timeout 1200\nnumberofpasswordprompts 3\nserveralivecountmax 3\nserveraliveinterval 0\nrequiredrsasize 1024\nobscurekeystroketiming yes\nciphers aes128-gcm@openssh.com,aes256-gcm@openssh.com,chacha20-poly1305@openssh.com,aes128-ctr,aes192-ctr,aes256-ctr\nhostkeyalgorithms ssh-ed25519-cert-v01@openssh.com,ecdsa-sha2-nistp256-cert-v01@openssh.com,ecdsa-sha2-nistp384-cert-v01@openssh.com,ecdsa-sha2-nistp521-cert-v01@openssh.com,sk-ssh-ed25519-cert-v01@openssh.com,sk-ecdsa-sha2-nistp256-cert-v01@openssh.com,webauthn-sk-ecdsa-sha2-nistp256-cert-v01@openssh.com,rsa-sha2-512-cert-v01@openssh.com,rsa-sha2-256-cert-v01@openssh.com,ssh-ed25519,ecdsa-sha2-nistp256,ecdsa-sha2-nistp384,ecdsa-sha2-nistp521,sk-ssh-ed25519@openssh.com,sk-ecdsa-sha2-nistp256@openssh.com,webauthn-sk-ecdsa-sha2-nistp256@openssh.com,rsa-sha2-512,rsa-sha2-256\nhostbasedacceptedalgorithms ssh-ed25519-cert-v01@openssh.com,ecdsa-sha2-nistp256-cert-v01@openssh.com,ecdsa-sha2-nistp384-cert-v01@openssh.com,ecdsa-sha2-nistp521-cert-v01@openssh.com,sk-ssh-ed25519-cert-v01@openssh.com,sk-ecdsa-sha2-nistp256-cert-v01@openssh.com,webauthn-sk-ecdsa-sha2-nistp256-cert-v01@openssh.com,rsa-sha2-512-cert-v01@openssh.com,rsa-sha2-256-cert-v01@openssh.com,ssh-ed25519,ecdsa-sha2-nistp256,ecdsa-sha2-nistp384,ecdsa-sha2-nistp521,sk-ssh-ed25519@openssh.com,sk-ecdsa-sha2-nistp256@openssh.com,webauthn-sk-ecdsa-sha2-nistp256@openssh.com,rsa-sha2-512,rsa-sha2-256\nkexalgorithms ecdh-sha2-nistp256,mlkem768x25519-sha256,sntrup761x25519-sha512,sntrup761x25519-sha512@openssh.com,curve25519-sha256,curve25519-sha256@libssh.org,ecdh-sha2-nistp384,ecdh-sha2-nistp521,diffie-hellman-group-exchange-sha256,diffie-hellman-group16-sha512,diffie-hellman-group18-sha512,diffie-hellman-group14-sha256\ncasignaturealgorithms ssh-ed25519,ecdsa-sha2-nistp256,ecdsa-sha2-nistp384,ecdsa-sha2-nistp521,sk-ssh-ed25519@openssh.com,sk-ecdsa-sha2-nistp256@openssh.com,webauthn-sk-ecdsa-sha2-nistp256@openssh.com,rsa-sha2-512,rsa-sha2-256\nloglevel INFO\nmacs hmac-sha2-256-etm@openssh.com,hmac-sha2-256,umac-64-etm@openssh.com,umac-128-etm@openssh.com,hmac-sha2-512-etm@openssh.com,hmac-sha1-etm@openssh.com,umac-64@openssh.com,umac-128@openssh.com,hmac-sha2-512,hmac-sha1\nsecuritykeyprovider internal\npubkeyacceptedalgorithms ssh-ed25519-cert-v01@openssh.com,ecdsa-sha2-nistp256-cert-v01@openssh.com,ecdsa-sha2-nistp384-cert-v01@openssh.com,ecdsa-sha2-nistp521-cert-v01@openssh.com,sk-ssh-ed25519-cert-v01@openssh.com,sk-ecdsa-sha2-nistp256-cert-v01@openssh.com,webauthn-sk-ecdsa-sha2-nistp256-cert-v01@openssh.com,rsa-sha2-512-cert-v01@openssh.com,rsa-sha2-256-cert-v01@openssh.com,ssh-ed25519,ecdsa-sha2-nistp256,ecdsa-sha2-nistp384,ecdsa-sha2-nistp521,sk-ssh-ed25519@openssh.com,sk-ecdsa-sha2-nistp256@openssh.com,webauthn-sk-ecdsa-sha2-nistp256@openssh.com,rsa-sha2-512,rsa-sha2-256\nxauthlocation /usr/X11R6/bin/xauth\nidentityfile ~/.ssh/id_rsa\nidentityfile ~/.ssh/id_ecdsa\nidentityfile ~/.ssh/id_ecdsa_sk\nidentityfile ~/.ssh/id_ed25519\nidentityfile ~/.ssh/id_ed25519_sk\ncanonicaldomains none\nglobalknownhostsfile /etc/ssh/ssh_known_hosts /etc/ssh/ssh_known_hosts2\nuserknownhostsfile /dev/null\nrevokedhostkeys none\nsendenv LANG\nsendenv LC_*\nlogverbose none\nchanneltimeout none\npermitremoteopen any\naddkeystoagent false\nforwardagent no\nconnecttimeout none\ntunneldevice any:any\ncanonicalizePermittedcnames none\ncontrolpersist 43200\nescapechar ~\nipqos ef cs0\nrekeylimit 0 0\nstreamlocalbindmask 0177\nsyslogfacility USER'
++ awk '/^user / { print $2 }'
+ sshUser=mhr
+ sshHost=10.20.31.41
+ [[ 1 != 1 ]]
+ uploadSshKey
+ local sshCopyHome=/Users/mhr
+ mkdir -p /Users/mhr/.ssh/
+ [[ -n '' ]]
+ ssh-keygen -t ed25519 -f /tmp/nix-shell.ULL1ya/tmp.QUmZsoL61S/nixos-anywhere -P '' -C nixos-anywhere
+ step Uploading install SSH keys
+ echo '### Uploading install SSH keys ###'
### Uploading install SSH keys ###
+ [[ n == y ]]
+ HOME=/Users/mhr
+ ssh-copy-id -o IdentitiesOnly=no -o ConnectTimeout=10 -o IdentitiesOnly=yes -i /tmp/nix-shell.ULL1ya/tmp.QUmZsoL61S/nixos-anywhere -o UserKnownHostsFile=/dev/null -o StrictHostKeyChecking=no mhr@10.20.31.41
/run/current-system/sw/bin/ssh-copy-id: INFO: Source of key(s) to be installed: "/tmp/nix-shell.ULL1ya/tmp.QUmZsoL61S/nixos-anywhere.pub"
/run/current-system/sw/bin/ssh-copy-id: INFO: attempting to log in with the new key(s), to filter out any that are already installed
/run/current-system/sw/bin/ssh-copy-id: INFO: 1 key(s) remain to be installed -- if you are prompted now it is to install the new keys
Warning: Permanently added '10.20.31.41' (ED25519) to the list of known hosts.

Number of key(s) added: 1

Now try logging into the machine, with: "ssh -i /tmp/nix-shell.ULL1ya/tmp.QUmZsoL61S/nixos-anywhere -o 'IdentitiesOnly=no' -o 'ConnectTimeout=10' -o 'IdentitiesOnly=yes' -o 'UserKnownHostsFile=/dev/null' -o 'StrictHostKeyChecking=no' 'mhr@10.20.31.41'"
and check to make sure that only the key(s) you wanted were added.

+ importFacts
+ step Gathering machine facts
+ echo '### Gathering machine facts ###'
### Gathering machine facts ###
+ local facts filteredFacts
++ runSsh -o ConnectTimeout=10 enableDebug=-x sh --
++ set +x
Pseudo-terminal will not be allocated because stdin is not a terminal.
Warning: Permanently added '10.20.31.41' (ED25519) to the list of known hosts.
++ test -f /etc/os-release
++ grep -Eq 'ID(_LIKE)?="?nixos"?' /etc/os-release
++ echo n
+ isNixos=n
+ cat
++ uname
++ uname -m
++ '[' n = y ']'
++ echo n
+++ has systemd-detect-virt
+++ command -v systemd-detect-virt
+++ echo y
++ '[' y = y ']'
++ systemd-detect-virt --container
+++ id -u
++ '[' 1000 -eq 0 ']'
++ echo n
+++ has ip
+++ command -v ip
+++ echo y
++ '[' y = n ']'
++ ip r g 1
++ echo n
++ has tar
++ command -v tar
++ echo y
++ has cpio
++ command -v cpio
++ echo y
++ has sudo
++ command -v sudo
++ echo y
++ has doas
++ command -v doas
++ echo n
++ has wget
++ command -v wget
++ echo n
++ has curl
++ command -v curl
++ echo y
+++ has setsid
+++ command -v setsid
+++ echo y
++ '[' y = y ']'
++ setsid --wait true
++ echo y
++ command -v nixos-facter
++ echo n
+ facts=$'\E[1;34mSSH COMMAND:\E[0m ssh -t -o IdentitiesOnly=yes -i /tmp/nix-shell.ULL1ya/tmp.QUmZsoL61S/nixos-anywhere -o UserKnownHostsFile=/dev/null -o StrictHostKeyChecking=no mhr@10.20.31.41 -o ConnectTimeout=10 enableDebug=-x sh --\n\nisOs=Linux\nisArch=x86_64\nisNixos=n\nisInstaller=n\nisContainer=none\nisRoot=n\nhasIpv6Only=n\nhasTar=y\nhasCpio=y\nhasSudo=y\nhasDoas=n\nhasWget=n\nhasCurl=y\nhasSetsid=y\nhasNixOSFacter=n'
++ echo $'\E[1;34mSSH COMMAND:\E[0m ssh -t -o IdentitiesOnly=yes -i /tmp/nix-shell.ULL1ya/tmp.QUmZsoL61S/nixos-anywhere -o UserKnownHostsFile=/dev/null -o StrictHostKeyChecking=no mhr@10.20.31.41 -o ConnectTimeout=10 enableDebug=-x sh --\n\nisOs=Linux\nisArch=x86_64\nisNixos=n\nisInstaller=n\nisContainer=none\nisRoot=n\nhasIpv6Only=n\nhasTar=y\nhasCpio=y\nhasSudo=y\nhasDoas=n\nhasWget=n\nhasCurl=y\nhasSetsid=y\nhasNixOSFacter=n'
++ grep -E '^(has|is|remote)[A-Za-z0-9_]+=\S+'
+ filteredFacts=$'isOs=Linux\nisArch=x86_64\nisNixos=n\nisInstaller=n\nisContainer=none\nisRoot=n\nhasIpv6Only=n\nhasTar=y\nhasCpio=y\nhasSudo=y\nhasDoas=n\nhasWget=n\nhasCurl=y\nhasSetsid=y\nhasNixOSFacter=n'
+ [[ -z isOs=Linux
isArch=x86_64
isNixos=n
isInstaller=n
isContainer=none
isRoot=n
hasIpv6Only=n
hasTar=y
hasCpio=y
hasSudo=y
hasDoas=n
hasWget=n
hasCurl=y
hasSetsid=y
hasNixOSFacter=n ]]
+ set +x
+ [[ n == y ]]
+ [[ y == y ]]
+ maybeSudo=sudo
+ [[ y == n ]]
+ [[ y == n ]]
+ [[ y == n ]]
+ [[ Linux != Linux ]]
+ [[ 1 == 1 ]]
+ runKexec
+ [[ n == y ]]
+ [[ none != none ]]
+ [[ '' == '' ]]
+ case "${isArch}" in
+ kexecUrl=https://github.com/nix-community/nixos-images/releases/download/nixos-25.11/nixos-kexec-installer-noninteractive-x86_64-linux.tar.gz
+ step Switching system into kexec
+ echo '### Switching system into kexec ###'
### Switching system into kexec ###
+ [[ n == y ]]
+ local remoteCommandTemplate
++ printf %q ''
+ remoteCommandTemplate=$'\n# Run kexec commands with sudo if needed\n{\n  set -eu -x\n  cd "$HOME/kexec"\n  echo Downloading kexec tarball, this may take a moment...\n  # Execute tar command\n  %TAR_COMMAND%\n  TMPDIR="$HOME/kexec" sudo setsid --wait "$HOME/kexec/kexec/run" --kexec-extra-flags \'\'\n} 2>&1 | tee "$HOME/kexec/nixos-anywhere.log" || true\n\n# The script will likely disconnect us, so we consider it successful if we see the kexec message\nif ! grep -q \'machine will boot into nixos\' "$HOME/kexec/nixos-anywhere.log"; then\n  echo \'Kexec may have failed - check output above\'\n  exit 1\nfi\n'
+ localUploadCommand=()
+ local localUploadCommand
+ remoteUploadCommand=()
+ local remoteUploadCommand
+ tarDecomp=
+ [[ https://github.com/nix-community/nixos-images/releases/download/nixos-25.11/nixos-kexec-installer-noninteractive-x86_64-linux.tar.gz =~ \.tar\.gz$ ]]
+ tarDecomp=--gzip
+ [[ -f https://github.com/nix-community/nixos-images/releases/download/nixos-25.11/nixos-kexec-installer-noninteractive-x86_64-linux.tar.gz ]]
+ [[ n == y ]]
+ [[ y == y ]]
+ remoteUploadCommand=(curl --fail -Ss -L "$kexecUrl")
+ local tarCommand
+ [[ 0 -eq 0 ]]
++ printf '%q ' curl --fail -Ss -L https://github.com/nix-community/nixos-images/releases/download/nixos-25.11/nixos-kexec-installer-noninteractive-x86_64-linux.tar.gz
+ tarCommand='curl --fail -Ss -L https://github.com/nix-community/nixos-images/releases/download/nixos-25.11/nixos-kexec-installer-noninteractive-x86_64-linux.tar.gz  | tar -xv --gzip'
+ local remoteCommands
+ remoteCommands=$'\n# Run kexec commands with sudo if needed\n{\n  set -eu -x\n  cd "$HOME/kexec"\n  echo Downloading kexec tarball, this may take a moment...\n  # Execute tar command\n  curl --fail -Ss -L https://github.com/nix-community/nixos-images/releases/download/nixos-25.11/nixos-kexec-installer-noninteractive-x86_64-linux.tar.gz  | tar -xv --gzip\n  TMPDIR="$HOME/kexec" sudo setsid --wait "$HOME/kexec/kexec/run" --kexec-extra-flags \'\'\n} 2>&1 | tee "$HOME/kexec/nixos-anywhere.log" || true\n\n# The script will likely disconnect us, so we consider it successful if we see the kexec message\nif ! grep -q \'machine will boot into nixos\' "$HOME/kexec/nixos-anywhere.log"; then\n  echo \'Kexec may have failed - check output above\'\n  exit 1\nfi\n'
+ runSsh 'mkdir -p "$HOME/kexec" && cat > "$HOME/kexec/nixos-anywhere-kexec.sh"'
+ set +x
[1;34mSSH COMMAND:[0m ssh -t -o IdentitiesOnly=yes -i /tmp/nix-shell.ULL1ya/tmp.QUmZsoL61S/nixos-anywhere -o UserKnownHostsFile=/dev/null -o StrictHostKeyChecking=no mhr@10.20.31.41 mkdir -p "$HOME/kexec" && cat > "$HOME/kexec/nixos-anywhere-kexec.sh"

Pseudo-terminal will not be allocated because stdin is not a terminal.
Warning: Permanently added '10.20.31.41' (ED25519) to the list of known hosts.
+ [[ 0 -gt 0 ]]
+ runSsh 'bash "$HOME/kexec/nixos-anywhere-kexec.sh"'
+ set +x
[1;34mSSH COMMAND:[0m ssh -t -o IdentitiesOnly=yes -i /tmp/nix-shell.ULL1ya/tmp.QUmZsoL61S/nixos-anywhere -o UserKnownHostsFile=/dev/null -o StrictHostKeyChecking=no mhr@10.20.31.41 bash "$HOME/kexec/nixos-anywhere-kexec.sh"

Warning: Permanently added '10.20.31.41' (ED25519) to the list of known hosts.
+ cd /home/mhr/kexec
+ echo Downloading kexec tarball, this may take a moment...
Downloading kexec tarball, this may take a moment...
+ curl --fail -Ss -L https://github.com/nix-community/nixos-images/releases/download/nixos-25.11/nixos-kexec-installer-noninteractive-x86_64-linux.tar.gz
+ tar -xv --gzip
kexec/
kexec/kexec
kexec/bzImage
kexec/initrd
kexec/ip
kexec/run
+ TMPDIR=/home/mhr/kexec
+ sudo setsid --wait /home/mhr/kexec/kexec/run --kexec-extra-flags ''
+ kexec_extra_flags=
+ '[' 2 -gt 0 ']'
+ case "$1" in
+ kexec_extra_flags=
+ shift
+ shift
+ '[' 0 -gt 0 ']'
+ init=/nix/store/dv2vmqbka57m5q5qb1cbq1vs29asvx9k-nixos-system-nixos-installer-kexec-25.11pre-git/init
+ kernelParams='nouveau.modeset=0 console=tty0 console=ttyS0,115200 zswap.enabled=1 zswap.max_pool_percent=50 zswap.compressor=zstd zswap.zpool=zsmalloc root=fstab loglevel=4 lsm=landlock,yama,bpf'
+++ readlink -f /home/mhr/kexec/kexec/run
++ dirname /home/mhr/kexec/kexec/run
+ SCRIPT_DIR=/home/mhr/kexec/kexec
++ TMPDIR=/home/mhr/kexec/kexec
++ mktemp -d
+ INITRD_TMP=/home/mhr/kexec/kexec/tmp.QiCkd7IzMd
+ cd /home/mhr/kexec/kexec/tmp.QiCkd7IzMd
+ trap cleanup EXIT
+ mkdir -p ssh
+ extractPubKeys /root
+ home=/root
+ for file in .ssh/authorized_keys .ssh/authorized_keys2
+ key=/root/.ssh/authorized_keys
+ test -e /root/.ssh/authorized_keys
+ for file in .ssh/authorized_keys .ssh/authorized_keys2
+ key=/root/.ssh/authorized_keys2
+ test -e /root/.ssh/authorized_keys2
+ test -n ''
+ test -n mhr
++ sh -c 'echo ~mhr'
+ sudo_home=/home/mhr
+ extractPubKeys /home/mhr
+ home=/home/mhr
+ for file in .ssh/authorized_keys .ssh/authorized_keys2
+ key=/home/mhr/.ssh/authorized_keys
+ test -e /home/mhr/.ssh/authorized_keys
+ grep -o '\(\(ssh\|ecdsa\|sk\)-[^ ]* .*\)' /home/mhr/.ssh/authorized_keys
+ for file in .ssh/authorized_keys .ssh/authorized_keys2
+ key=/home/mhr/.ssh/authorized_keys2
+ test -e /home/mhr/.ssh/authorized_keys2
+ test -e /etc/ssh/authorized_keys.d/root
+ test -n mhr
+ test -e /etc/ssh/authorized_keys.d/mhr
+ for p in /etc/ssh/ssh_host_*
+ test -e /etc/ssh/ssh_host_ecdsa_key
+ cp -a /etc/ssh/ssh_host_ecdsa_key ssh
+ for p in /etc/ssh/ssh_host_*
+ test -e /etc/ssh/ssh_host_ecdsa_key.pub
+ cp -a /etc/ssh/ssh_host_ecdsa_key.pub ssh
+ for p in /etc/ssh/ssh_host_*
+ test -e /etc/ssh/ssh_host_ed25519_key
+ cp -a /etc/ssh/ssh_host_ed25519_key ssh
+ for p in /etc/ssh/ssh_host_*
+ test -e /etc/ssh/ssh_host_ed25519_key.pub
+ cp -a /etc/ssh/ssh_host_ed25519_key.pub ssh
+ for p in /etc/ssh/ssh_host_*
+ test -e /etc/ssh/ssh_host_rsa_key
+ cp -a /etc/ssh/ssh_host_rsa_key ssh
+ for p in /etc/ssh/ssh_host_*
+ test -e /etc/ssh/ssh_host_rsa_key.pub
+ cp -a /etc/ssh/ssh_host_rsa_key.pub ssh
+ /home/mhr/kexec/kexec/ip --json addr
+ /home/mhr/kexec/kexec/ip -4 --json route
+ /home/mhr/kexec/kexec/ip -6 --json route
+ '[' -f /etc/machine-id ']'
+ cp /etc/machine-id machine-id
+ find .
+ cpio -o -H newc
+ gzip -9
29 blocks
+ kexecSyscallFlags=
+ sort -c -V
++ uname -r
+ printf '%s\n' 6.1 7.0.13-arch1-1
+ kexecSyscallFlags=--kexec-syscall-auto
+ sh -c ''\''/home/mhr/kexec/kexec/kexec'\'' --load '\''/home/mhr/kexec/kexec/bzImage'\''   --kexec-syscall-auto      --initrd='\''/home/mhr/kexec/kexec/initrd'\'' --no-checks   --command-line '\''init=/nix/store/dv2vmqbka57m5q5qb1cbq1vs29asvx9k-nixos-system-nixos-installer-kexec-25.11pre-git/init nouveau.modeset=0 console=tty0 console=ttyS0,115200 zswap.enabled=1 zswap.max_pool_percent=50 zswap.compressor=zstd zswap.zpool=zsmalloc root=fstab loglevel=4 lsm=landlock,yama,bpf'\'''
+ echo 'machine will boot into nixos in 6s...'
machine will boot into nixos in 6s...
+ test -e /dev/kmsg
+ exec
Connection to 10.20.31.41 closed.
+ local i
+ for i in "${!sshArgs[@]}"
+ [[ -o == \-p ]]
+ for i in "${!sshArgs[@]}"
+ [[ IdentitiesOnly=yes == \-p ]]
+ for i in "${!sshArgs[@]}"
+ [[ -i == \-p ]]
+ for i in "${!sshArgs[@]}"
+ [[ /tmp/nix-shell.ULL1ya/tmp.QUmZsoL61S/nixos-anywhere == \-p ]]
+ for i in "${!sshArgs[@]}"
+ [[ -o == \-p ]]
+ for i in "${!sshArgs[@]}"
+ [[ UserKnownHostsFile=/dev/null == \-p ]]
+ for i in "${!sshArgs[@]}"
+ [[ -o == \-p ]]
+ for i in "${!sshArgs[@]}"
+ [[ StrictHostKeyChecking=no == \-p ]]
+ runSshTimeout -- exit 0
+ timeout 10 ssh -o IdentitiesOnly=yes -i /tmp/nix-shell.ULL1ya/tmp.QUmZsoL61S/nixos-anywhere -o UserKnownHostsFile=/dev/null -o StrictHostKeyChecking=no mhr@10.20.31.41 -- exit 0
Warning: Permanently added '10.20.31.41' (ED25519) to the list of known hosts.
+ sleep 1
+ runSshTimeout -- exit 0
+ timeout 10 ssh -o IdentitiesOnly=yes -i /tmp/nix-shell.ULL1ya/tmp.QUmZsoL61S/nixos-anywhere -o UserKnownHostsFile=/dev/null -o StrictHostKeyChecking=no mhr@10.20.31.41 -- exit 0
Warning: Permanently added '10.20.31.41' (ED25519) to the list of known hosts.
+ sleep 1
+ runSshTimeout -- exit 0
+ timeout 10 ssh -o IdentitiesOnly=yes -i /tmp/nix-shell.ULL1ya/tmp.QUmZsoL61S/nixos-anywhere -o UserKnownHostsFile=/dev/null -o StrictHostKeyChecking=no mhr@10.20.31.41 -- exit 0
Warning: Permanently added '10.20.31.41' (ED25519) to the list of known hosts.
+ sleep 1
+ runSshTimeout -- exit 0
+ timeout 10 ssh -o IdentitiesOnly=yes -i /tmp/nix-shell.ULL1ya/tmp.QUmZsoL61S/nixos-anywhere -o UserKnownHostsFile=/dev/null -o StrictHostKeyChecking=no mhr@10.20.31.41 -- exit 0
Warning: Permanently added '10.20.31.41' (ED25519) to the list of known hosts.
+ sleep 1
+ runSshTimeout -- exit 0
+ timeout 10 ssh -o IdentitiesOnly=yes -i /tmp/nix-shell.ULL1ya/tmp.QUmZsoL61S/nixos-anywhere -o UserKnownHostsFile=/dev/null -o StrictHostKeyChecking=no mhr@10.20.31.41 -- exit 0
Warning: Permanently added '10.20.31.41' (ED25519) to the list of known hosts.
+ sleep 1
+ runSshTimeout -- exit 0
+ timeout 10 ssh -o IdentitiesOnly=yes -i /tmp/nix-shell.ULL1ya/tmp.QUmZsoL61S/nixos-anywhere -o UserKnownHostsFile=/dev/null -o StrictHostKeyChecking=no mhr@10.20.31.41 -- exit 0
+ sshConnection=root@10.20.31.41
+ runSsh -o ConnectTimeout=10 -- exit 0
+ set +x
[1;34mSSH COMMAND:[0m ssh -t -o IdentitiesOnly=yes -i /tmp/nix-shell.ULL1ya/tmp.QUmZsoL61S/nixos-anywhere -o UserKnownHostsFile=/dev/null -o StrictHostKeyChecking=no root@10.20.31.41 -o ConnectTimeout=10 -- exit 0

Warning: Permanently added '10.20.31.41' (ED25519) to the list of known hosts.
Connection to 10.20.31.41 closed.
+ importFacts
+ step Gathering machine facts
+ echo '### Gathering machine facts ###'
### Gathering machine facts ###
+ local facts filteredFacts
++ runSsh -o ConnectTimeout=10 enableDebug=-x sh --
++ set +x
Pseudo-terminal will not be allocated because stdin is not a terminal.
Warning: Permanently added '10.20.31.41' (ED25519) to the list of known hosts.
++ test -f /etc/os-release
++ grep -Eq 'ID(_LIKE)?="?nixos"?' /etc/os-release
++ echo y
+ isNixos=y
+ cat
++ uname
++ uname -m
++ '[' y = y ']'
++ grep -Eq 'VARIANT_ID="?installer"?' /etc/os-release
++ echo y
+++ has systemd-detect-virt
+++ command -v systemd-detect-virt
+++ echo y
++ '[' y = y ']'
++ systemd-detect-virt --container
+++ id -u
++ '[' 0 -eq 0 ']'
++ echo y
+++ has ip
+++ command -v ip
+++ echo y
++ '[' y = n ']'
++ ip r g 1
++ echo n
++ has tar
++ command -v tar
++ echo y
++ has cpio
++ command -v cpio
++ echo y
++ has sudo
++ command -v sudo
++ echo n
++ has doas
++ command -v doas
++ echo n
++ has wget
++ command -v wget
++ echo n
++ has curl
++ command -v curl
++ echo y
+++ has setsid
+++ command -v setsid
+++ echo y
++ '[' y = y ']'
++ setsid --wait true
++ echo y
++ command -v nixos-facter
++ echo y
+ facts=$'\E[1;34mSSH COMMAND:\E[0m ssh -t -o IdentitiesOnly=yes -i /tmp/nix-shell.ULL1ya/tmp.QUmZsoL61S/nixos-anywhere -o UserKnownHostsFile=/dev/null -o StrictHostKeyChecking=no root@10.20.31.41 -o ConnectTimeout=10 enableDebug=-x sh --\n\nisOs=Linux\nisArch=x86_64\nisNixos=y\nisInstaller=y\nisContainer=none\nisRoot=y\nhasIpv6Only=n\nhasTar=y\nhasCpio=y\nhasSudo=n\nhasDoas=n\nhasWget=n\nhasCurl=y\nhasSetsid=y\nhasNixOSFacter=y'
++ echo $'\E[1;34mSSH COMMAND:\E[0m ssh -t -o IdentitiesOnly=yes -i /tmp/nix-shell.ULL1ya/tmp.QUmZsoL61S/nixos-anywhere -o UserKnownHostsFile=/dev/null -o StrictHostKeyChecking=no root@10.20.31.41 -o ConnectTimeout=10 enableDebug=-x sh --\n\nisOs=Linux\nisArch=x86_64\nisNixos=y\nisInstaller=y\nisContainer=none\nisRoot=y\nhasIpv6Only=n\nhasTar=y\nhasCpio=y\nhasSudo=n\nhasDoas=n\nhasWget=n\nhasCurl=y\nhasSetsid=y\nhasNixOSFacter=y'
++ grep -E '^(has|is|remote)[A-Za-z0-9_]+=\S+'
+ filteredFacts=$'isOs=Linux\nisArch=x86_64\nisNixos=y\nisInstaller=y\nisContainer=none\nisRoot=y\nhasIpv6Only=n\nhasTar=y\nhasCpio=y\nhasSudo=n\nhasDoas=n\nhasWget=n\nhasCurl=y\nhasSetsid=y\nhasNixOSFacter=y'
+ [[ -z isOs=Linux
isArch=x86_64
isNixos=y
isInstaller=y
isContainer=none
isRoot=y
hasIpv6Only=n
hasTar=y
hasCpio=y
hasSudo=n
hasDoas=n
hasWget=n
hasCurl=y
hasSetsid=y
hasNixOSFacter=y ]]
+ set +x
+ [[ y == y ]]
+ maybeSudo=
+ [[ y == n ]]
+ [[ none != none ]]
+ [[ remote == auto ]]
+ [[ remote != remote ]]
+ [[ y == y ]]
+ [[ mhr != root ]]
+ runSsh ' mkdir -p /root/.ssh;  cp ~/.ssh/authorized_keys /root/.ssh || true'
+ set +x
[1;34mSSH COMMAND:[0m ssh -t -o IdentitiesOnly=yes -i /tmp/nix-shell.ULL1ya/tmp.QUmZsoL61S/nixos-anywhere -o UserKnownHostsFile=/dev/null -o StrictHostKeyChecking=no root@10.20.31.41  mkdir -p /root/.ssh;  cp ~/.ssh/authorized_keys /root/.ssh || true

Warning: Permanently added '10.20.31.41' (ED25519) to the list of known hosts.
cp: '/root/.ssh/authorized_keys' and '/root/.ssh/authorized_keys' are the same file
Connection to 10.20.31.41 closed.
+ sshConnection=root@10.20.31.41
+ [[ y == y ]]
+ [[ -n . ]]
++ nix eval --extra-experimental-features 'nix-command flakes' --no-write-lock-file -L --apply toString '.#nixosConfigurations."icarus".config.nix.settings.substituters'
warning: Git tree '/Users/mhr/nixos' is dirty
+ substituters='"https://cache.nixos.org/"'
++ nix eval --extra-experimental-features 'nix-command flakes' --no-write-lock-file -L --apply toString '.#nixosConfigurations."icarus".config.nix.settings.trusted-public-keys'
warning: Git tree '/Users/mhr/nixos' is dirty
+ trustedPublicKeys='"cache.nixos.org-1:6NCHdD59X431o0gWypbMrAURkbJ16ZPMQFGspcDShjY="'
+ runSsh sh
+ set +x
[1;34mSSH COMMAND:[0m ssh -t -o IdentitiesOnly=yes -i /tmp/nix-shell.ULL1ya/tmp.QUmZsoL61S/nixos-anywhere -o UserKnownHostsFile=/dev/null -o StrictHostKeyChecking=no root@10.20.31.41 sh

Pseudo-terminal will not be allocated because stdin is not a terminal.
Warning: Permanently added '10.20.31.41' (ED25519) to the list of known hosts.
+ [[ 0 == 1 ]]
+ [[ 0 == 1 ]]
+ [[ 0 == 1 ]]
+ step 'Done!'
+ echo '### Done! ###'
### Done! ###
+ rm -rf /tmp/nix-shell.ULL1ya/tmp.QUmZsoL61S
